<?xml version="1.0" encoding="UTF-8"?>
<!-- Generated by org.testng.reporters.JUnitReportReporter -->
<testsuite hostname="MHSHAHIB" failures="0" tests="1" name="testhome.TestHomePage" time="24.217" errors="0" timestamp="2020-05-27T22:33:52 EDT" skipped="0">
  <testcase classname="testhome.TestHomePage" name="testSearchBox" time="24.217"/>
  <system-out/>
</testsuite> <!-- testhome.TestHomePage -->
